-Xajruntimetarget:1.5
-1.8
-encoding
UTF-8
-showWeaveInfo
-classpath
C:\Users\Julius Jacobsohn\Documents\Webtech 2 Projekt\example08-persistence\target\example08-persistence-0.1-SNAPSHOT.jar;C:\Users\Julius Jacobsohn\.m2\repository\org\apache\shiro\shiro-core\1.4.0\shiro-core-1.4.0.jar;C:\Users\Julius Jacobsohn\.m2\repository\org\apache\shiro\shiro-web\1.4.0\shiro-web-1.4.0.jar;C:\Users\Julius Jacobsohn\.m2\repository\org\apache\shiro\shiro-aspectj\1.4.0\shiro-aspectj-1.4.0.jar;C:\Users\Julius Jacobsohn\.m2\repository\com\nimbusds\nimbus-jose-jwt\5.10\nimbus-jose-jwt-5.10.jar;C:\Users\Julius Jacobsohn\.m2\repository\javax\javaee-api\7.0\javaee-api-7.0.jar;C:\Users\Julius Jacobsohn\.m2\repository\com\fasterxml\jackson\jaxrs\jackson-jaxrs-json-provider\2.7.4\jackson-jaxrs-json-provider-2.7.4.jar;C:\Users\Julius Jacobsohn\.m2\repository\com\fasterxml\jackson\jaxrs\jackson-jaxrs-base\2.7.4\jackson-jaxrs-base-2.7.4.jar;C:\Users\Julius Jacobsohn\.m2\repository\com\fasterxml\jackson\core\jackson-core\2.7.4\jackson-core-2.7.4.jar;C:\Users\Julius Jacobsohn\.m2\repository\com\fasterxml\jackson\core\jackson-databind\2.7.4\jackson-databind-2.7.4.jar;C:\Users\Julius Jacobsohn\.m2\repository\com\fasterxml\jackson\core\jackson-annotations\2.7.0\jackson-annotations-2.7.0.jar;C:\Users\Julius Jacobsohn\.m2\repository\com\fasterxml\jackson\module\jackson-module-jaxb-annotations\2.7.4\jackson-module-jaxb-annotations-2.7.4.jar;C:\Users\Julius Jacobsohn\.m2\repository\com\h2database\h2\1.4.195\h2-1.4.195.jar;C:\Users\Julius Jacobsohn\.m2\repository\org\apache\shiro\shiro-lang\1.4.0\shiro-lang-1.4.0.jar;C:\Users\Julius Jacobsohn\.m2\repository\org\slf4j\slf4j-api\1.7.21\slf4j-api-1.7.21.jar;C:\Users\Julius Jacobsohn\.m2\repository\org\apache\shiro\shiro-cache\1.4.0\shiro-cache-1.4.0.jar;C:\Users\Julius Jacobsohn\.m2\repository\org\apache\shiro\shiro-crypto-hash\1.4.0\shiro-crypto-hash-1.4.0.jar;C:\Users\Julius Jacobsohn\.m2\repository\org\apache\shiro\shiro-crypto-core\1.4.0\shiro-crypto-core-1.4.0.jar;C:\Users\Julius Jacobsohn\.m2\repository\org\apache\shiro\shiro-crypto-cipher\1.4.0\shiro-crypto-cipher-1.4.0.jar;C:\Users\Julius Jacobsohn\.m2\repository\org\apache\shiro\shiro-config-core\1.4.0\shiro-config-core-1.4.0.jar;C:\Users\Julius Jacobsohn\.m2\repository\org\apache\shiro\shiro-config-ogdl\1.4.0\shiro-config-ogdl-1.4.0.jar;C:\Users\Julius Jacobsohn\.m2\repository\commons-beanutils\commons-beanutils\1.9.3\commons-beanutils-1.9.3.jar;C:\Users\Julius Jacobsohn\.m2\repository\commons-collections\commons-collections\3.2.2\commons-collections-3.2.2.jar;C:\Users\Julius Jacobsohn\.m2\repository\org\apache\shiro\shiro-event\1.4.0\shiro-event-1.4.0.jar;C:\Users\Julius Jacobsohn\.m2\repository\org\aspectj\aspectjrt\1.8.9\aspectjrt-1.8.9.jar;C:\Users\Julius Jacobsohn\.m2\repository\org\aspectj\aspectjweaver\1.8.9\aspectjweaver-1.8.9.jar;C:\Users\Julius Jacobsohn\.m2\repository\com\github\stephenc\jcip\jcip-annotations\1.0-1\jcip-annotations-1.0-1.jar;C:\Users\Julius Jacobsohn\.m2\repository\net\minidev\json-smart\2.3\json-smart-2.3.jar;C:\Users\Julius Jacobsohn\.m2\repository\net\minidev\accessors-smart\1.2\accessors-smart-1.2.jar;C:\Users\Julius Jacobsohn\.m2\repository\org\ow2\asm\asm\5.0.4\asm-5.0.4.jar;C:\Users\Julius Jacobsohn\.m2\repository\com\sun\mail\javax.mail\1.5.0\javax.mail-1.5.0.jar;C:\Users\Julius Jacobsohn\.m2\repository\javax\activation\activation\1.1\activation-1.1.jar;C:\Users\Julius Jacobsohn\Documents\Webtech 2 Projekt\example08-business\target\classes
-aspectpath
C:\Users\Julius Jacobsohn\.m2\repository\org\apache\shiro\shiro-aspectj\1.4.0\shiro-aspectj-1.4.0.jar
-d
C:\Users\Julius Jacobsohn\Documents\Webtech 2 Projekt\example08-business\target\classes
C:\Users\Julius Jacobsohn\Documents\Webtech 2 Projekt\example08-business\src\main\java\de\ls5\wt2\auth\DatabaseAuthenticator.java
C:\Users\Julius Jacobsohn\Documents\Webtech 2 Projekt\example08-business\src\main\java\de\ls5\wt2\auth\jwt\AuthenticationREST.java
C:\Users\Julius Jacobsohn\Documents\Webtech 2 Projekt\example08-business\src\main\java\de\ls5\wt2\auth\jwt\JWTAuthenticationFilter.java
C:\Users\Julius Jacobsohn\Documents\Webtech 2 Projekt\example08-business\src\main\java\de\ls5\wt2\auth\jwt\JWTLoginData.java
C:\Users\Julius Jacobsohn\Documents\Webtech 2 Projekt\example08-business\src\main\java\de\ls5\wt2\auth\jwt\JWTShiroToken.java
C:\Users\Julius Jacobsohn\Documents\Webtech 2 Projekt\example08-business\src\main\java\de\ls5\wt2\auth\jwt\JWTUtil.java
C:\Users\Julius Jacobsohn\Documents\Webtech 2 Projekt\example08-business\src\main\java\de\ls5\wt2\auth\jwt\JWTWT2Realm.java
C:\Users\Julius Jacobsohn\Documents\Webtech 2 Projekt\example08-business\src\main\java\de\ls5\wt2\auth\permission\ReadNewsItemPermission.java
C:\Users\Julius Jacobsohn\Documents\Webtech 2 Projekt\example08-business\src\main\java\de\ls5\wt2\auth\permission\ViewFirstFiveNewsItemsPermission.java
C:\Users\Julius Jacobsohn\Documents\Webtech 2 Projekt\example08-business\src\main\java\de\ls5\wt2\auth\RESTServiceAuthenticator.java
C:\Users\Julius Jacobsohn\Documents\Webtech 2 Projekt\example08-business\src\main\java\de\ls5\wt2\auth\WT2Realm.java
C:\Users\Julius Jacobsohn\Documents\Webtech 2 Projekt\example08-business\src\main\java\de\ls5\wt2\conf\JacksonProvider.java
C:\Users\Julius Jacobsohn\Documents\Webtech 2 Projekt\example08-business\src\main\java\de\ls5\wt2\conf\JAXRSActivator.java
C:\Users\Julius Jacobsohn\Documents\Webtech 2 Projekt\example08-business\src\main\java\de\ls5\wt2\CRUDHelper.java
C:\Users\Julius Jacobsohn\Documents\Webtech 2 Projekt\example08-business\src\main\java\de\ls5\wt2\NewsCRUD.java
C:\Users\Julius Jacobsohn\Documents\Webtech 2 Projekt\example08-business\src\main\java\de\ls5\wt2\StartupBean.java
C:\Users\Julius Jacobsohn\Documents\Webtech 2 Projekt\example08-business\src\main\java\de\ls5\wt2\TodoCRUD.java
C:\Users\Julius Jacobsohn\Documents\Webtech 2 Projekt\example08-business\src\main\java\de\ls5\wt2\UserCRUD.java
